# JRE version: OpenJDK Runtime Environment (8.0_76-b03) (build 1.8.0_76-release-b03)
# Java VM: OpenJDK 64-Bit Server VM (25.76-b03 mixed mode linux-amd64 compressed oops)
Heap:
 PSYoungGen      total 304128K, used 57854K [0x00000000e0000000, 0x00000000f6c00000, 0x0000000100000000)
  eden space 246272K, 0% used [0x00000000e0000000,0x00000000e0000000,0x00000000ef080000)
  from space 57856K, 99% used [0x00000000ef080000,0x00000000f28ffa78,0x00000000f2900000)
  to   space 53760K, 0% used [0x00000000f2900000,0x00000000f2900000,0x00000000f5d80000)
 ParOldGen       total 135168K, used 96139K [0x00000000a0000000, 0x00000000a8400000, 0x00000000e0000000)
  object space 135168K, 71% used [0x00000000a0000000,0x00000000a5de2d90,0x00000000a8400000)
 Metaspace       used 71167K, capacity 73618K, committed 74664K, reserved 1114112K
  class space    used 8927K, capacity 9334K, committed 9648K, reserved 1048576K
GC Heap History (10 events):
Event: 1785,684 GC heap after
Heap after GC invocations=28 (full 5):
 PSYoungGen      total 210944K, used 28136K [0x00000000e0000000, 0x00000000f1c00000, 0x0000000100000000)
  eden space 182784K, 0% used [0x00000000e0000000,0x00000000e0000000,0x00000000eb280000)
  from space 28160K, 99% used [0x00000000eb280000,0x00000000ecdfa1a0,0x00000000ece00000)
  to   space 37888K, 0% used [0x00000000ef700000,0x00000000ef700000,0x00000000f1c00000)
 ParOldGen       total 65536K, used 65350K [0x00000000a0000000, 0x00000000a4000000, 0x00000000e0000000)
  object space 65536K, 99% used [0x00000000a0000000,0x00000000a3fd1b00,0x00000000a4000000)
 Metaspace       used 70654K, capacity 73112K, committed 74152K, reserved 1114112K
  class space    used 8924K, capacity 9335K, committed 9648K, reserved 1048576K
}
Event: 1785,684 GC heap before
{Heap before GC invocations=29 (full 6):
 PSYoungGen      total 210944K, used 28136K [0x00000000e0000000, 0x00000000f1c00000, 0x0000000100000000)
  eden space 182784K, 0% used [0x00000000e0000000,0x00000000e0000000,0x00000000eb280000)
  from space 28160K, 99% used [0x00000000eb280000,0x00000000ecdfa1a0,0x00000000ece00000)
  to   space 37888K, 0% used [0x00000000ef700000,0x00000000ef700000,0x00000000f1c00000)
 ParOldGen       total 65536K, used 65350K [0x00000000a0000000, 0x00000000a4000000, 0x00000000e0000000)
  object space 65536K, 99% used [0x00000000a0000000,0x00000000a3fd1b00,0x00000000a4000000)
 Metaspace       used 70654K, capacity 73112K, committed 74152K, reserved 1114112K
  class space    used 8924K, capacity 9335K, committed 9648K, reserved 1048576K
Event: 1786,346 GC heap after
Heap after GC invocations=29 (full 6):
 PSYoungGen      total 210944K, used 19177K [0x00000000e0000000, 0x00000000f1c00000, 0x0000000100000000)
  eden space 182784K, 0% used [0x00000000e0000000,0x00000000e0000000,0x00000000eb280000)
  from space 28160K, 68% used [0x00000000eb280000,0x00000000ec53a7c0,0x00000000ece00000)
  to   space 37888K, 0% used [0x00000000ef700000,0x00000000ef700000,0x00000000f1c00000)
 ParOldGen       total 135168K, used 65154K [0x00000000a0000000, 0x00000000a8400000, 0x00000000e0000000)
  object space 135168K, 48% used [0x00000000a0000000,0x00000000a3fa0938,0x00000000a8400000)
 Metaspace       used 70652K, capacity 73106K, committed 74152K, reserved 1114112K
  class space    used 8923K, capacity 9334K, committed 9648K, reserved 1048576K
}
Event: 1788,215 GC heap before
{Heap before GC invocations=30 (full 6):
 PSYoungGen      total 210944K, used 201961K [0x00000000e0000000, 0x00000000f1c00000, 0x0000000100000000)
  eden space 182784K, 100% used [0x00000000e0000000,0x00000000eb280000,0x00000000eb280000)
  from space 28160K, 68% used [0x00000000eb280000,0x00000000ec53a7c0,0x00000000ece00000)
  to   space 37888K, 0% used [0x00000000ef700000,0x00000000ef700000,0x00000000f1c00000)
 ParOldGen       total 135168K, used 65154K [0x00000000a0000000, 0x00000000a8400000, 0x00000000e0000000)
  object space 135168K, 48% used [0x00000000a0000000,0x00000000a3fa0938,0x00000000a8400000)
 Metaspace       used 71027K, capacity 73426K, committed 74408K, reserved 1114112K
  class space    used 8926K, capacity 9334K, committed 9648K, reserved 1048576K
Event: 1788,373 GC heap after
Heap after GC invocations=30 (full 6):
 PSYoungGen      total 241664K, used 37882K [0x00000000e0000000, 0x00000000f3b00000, 0x0000000100000000)
  eden space 203776K, 0% used [0x00000000e0000000,0x00000000e0000000,0x00000000ec700000)
  from space 37888K, 99% used [0x00000000ef700000,0x00000000f1bfe890,0x00000000f1c00000)
  to   space 49152K, 0% used [0x00000000ec700000,0x00000000ec700000,0x00000000ef700000)
 ParOldGen       total 135168K, used 79265K [0x00000000a0000000, 0x00000000a8400000, 0x00000000e0000000)
  object space 135168K, 58% used [0x00000000a0000000,0x00000000a4d68780,0x00000000a8400000)
 Metaspace       used 71027K, capacity 73426K, committed 74408K, reserved 1114112K
  class space    used 8926K, capacity 9334K, committed 9648K, reserved 1048576K
}
Event: 1791,014 GC heap before
{Heap before GC invocations=31 (full 6):
 PSYoungGen      total 241664K, used 241658K [0x00000000e0000000, 0x00000000f3b00000, 0x0000000100000000)
  eden space 203776K, 100% used [0x00000000e0000000,0x00000000ec700000,0x00000000ec700000)
  from space 37888K, 99% used [0x00000000ef700000,0x00000000f1bfe890,0x00000000f1c00000)
  to   space 49152K, 0% used [0x00000000ec700000,0x00000000ec700000,0x00000000ef700000)
 ParOldGen       total 135168K, used 79265K [0x00000000a0000000, 0x00000000a8400000, 0x00000000e0000000)
  object space 135168K, 58% used [0x00000000a0000000,0x00000000a4d68780,0x00000000a8400000)
 Metaspace       used 71110K, capacity 73490K, committed 74408K, reserved 1114112K
  class space    used 8927K, capacity 9334K, committed 9648K, reserved 1048576K
Event: 1791,132 GC heap after
Heap after GC invocations=31 (full 6):
 PSYoungGen      total 252928K, used 39630K [0x00000000e0000000, 0x00000000f5d80000, 0x0000000100000000)
  eden space 203776K, 0% used [0x00000000e0000000,0x00000000e0000000,0x00000000ec700000)
  from space 49152K, 80% used [0x00000000ec700000,0x00000000eedb39f8,0x00000000ef700000)
  to   space 53760K, 0% used [0x00000000f2900000,0x00000000f2900000,0x00000000f5d80000)
 ParOldGen       total 135168K, used 79265K [0x00000000a0000000, 0x00000000a8400000, 0x00000000e0000000)
  object space 135168K, 58% used [0x00000000a0000000,0x00000000a4d68780,0x00000000a8400000)
 Metaspace       used 71110K, capacity 73490K, committed 74408K, reserved 1114112K
  class space    used 8927K, capacity 9334K, committed 9648K, reserved 1048576K
}
Event: 1792,583 GC heap before
{Heap before GC invocations=32 (full 6):
 PSYoungGen      total 252928K, used 243406K [0x00000000e0000000, 0x00000000f5d80000, 0x0000000100000000)
  eden space 203776K, 100% used [0x00000000e0000000,0x00000000ec700000,0x00000000ec700000)
  from space 49152K, 80% used [0x00000000ec700000,0x00000000eedb39f8,0x00000000ef700000)
  to   space 53760K, 0% used [0x00000000f2900000,0x00000000f2900000,0x00000000f5d80000)
 ParOldGen       total 135168K, used 79265K [0x00000000a0000000, 0x00000000a8400000, 0x00000000e0000000)
  object space 135168K, 58% used [0x00000000a0000000,0x00000000a4d68780,0x00000000a8400000)
 Metaspace       used 71154K, capacity 73618K, committed 74664K, reserved 1114112K
  class space    used 8927K, capacity 9334K, committed 9648K, reserved 1048576K
Event: 1792,757 GC heap after
Heap after GC invocations=32 (full 6):
 PSYoungGen      total 300032K, used 41099K [0x00000000e0000000, 0x00000000f6c00000, 0x0000000100000000)
  eden space 246272K, 0% used [0x00000000e0000000,0x00000000e0000000,0x00000000ef080000)
  from space 53760K, 76% used [0x00000000f2900000,0x00000000f5122cf8,0x00000000f5d80000)
  to   space 57856K, 0% used [0x00000000ef080000,0x00000000ef080000,0x00000000f2900000)
 ParOldGen       total 135168K, used 79273K [0x00000000a0000000, 0x00000000a8400000, 0x00000000e0000000)
  object space 135168K, 58% used [0x00000000a0000000,0x00000000a4d6a780,0x00000000a8400000)
 Metaspace       used 71154K, capacity 73618K, committed 74664K, reserved 1114112K
  class space    used 8927K, capacity 9334K, committed 9648K, reserved 1048576K
}
Event: 1793,347 GC heap before
{Heap before GC invocations=33 (full 6):
 PSYoungGen      total 300032K, used 287371K [0x00000000e0000000, 0x00000000f6c00000, 0x0000000100000000)
  eden space 246272K, 100% used [0x00000000e0000000,0x00000000ef080000,0x00000000ef080000)
  from space 53760K, 76% used [0x00000000f2900000,0x00000000f5122cf8,0x00000000f5d80000)
  to   space 57856K, 0% used [0x00000000ef080000,0x00000000ef080000,0x00000000f2900000)
 ParOldGen       total 135168K, used 79273K [0x00000000a0000000, 0x00000000a8400000, 0x00000000e0000000)
  object space 135168K, 58% used [0x00000000a0000000,0x00000000a4d6a780,0x00000000a8400000)
 Metaspace       used 71167K, capacity 73618K, committed 74664K, reserved 1114112K
  class space    used 8927K, capacity 9334K, committed 9648K, reserved 1048576K

